hadoop jar InvertedIndex.jar InvertedIndex gs://dataproc-11fbd59f-156f-4355-b786-e78a75cdfcdc-us/development/dev_data gs://dataproc-11fbd59f-156f-4355-b786-e78a75cdfcdc-us/output
17/03/20 06:30:39 INFO gcs.GoogleHadoopFileSystemBase: GHFS version: 1.6.0-hadoop2
17/03/20 06:30:40 INFO client.RMProxy: Connecting to ResourceManager at invertedindex-m/10.138.0.4:8032
17/03/20 06:30:42 WARN mapreduce.JobResourceUploader: Hadoop command-line option parsing not performed. Implement the Tool interface and execute your application with ToolRunner to remedy this.
17/03/20 06:30:43 WARN gcsio.GoogleCloudStorage: Repairing batch of 1 missing directories.
17/03/20 06:30:44 WARN gcsio.GoogleCloudStorage: Successfully repaired 1/1 implicit directories.
17/03/20 06:30:44 INFO input.FileInputFormat: Total input paths to process : 5
17/03/20 06:30:44 INFO mapreduce.JobSubmitter: number of splits:5
17/03/20 06:30:44 INFO mapreduce.JobSubmitter: Submitting tokens for job: job_1489991057643_0001
17/03/20 06:30:45 INFO impl.YarnClientImpl: Submitted application application_1489991057643_0001
17/03/20 06:30:45 INFO mapreduce.Job: The url to track the job: http://invertedindex-m:8088/proxy/application_1489991057643_0001/
17/03/20 06:30:45 INFO mapreduce.Job: Running job: job_1489991057643_0001
17/03/20 06:30:55 INFO mapreduce.Job: Job job_1489991057643_0001 running in uber mode : false
17/03/20 06:30:55 INFO mapreduce.Job:  map 0% reduce 0%
17/03/20 06:31:10 INFO mapreduce.Job:  map 40% reduce 0%
17/03/20 06:31:11 INFO mapreduce.Job:  map 80% reduce 0%
17/03/20 06:31:16 INFO mapreduce.Job:  map 100% reduce 0%
17/03/20 06:31:22 INFO mapreduce.Job:  map 100% reduce 8%
17/03/20 06:31:25 INFO mapreduce.Job:  map 100% reduce 17%
17/03/20 06:31:31 INFO mapreduce.Job:  map 100% reduce 25%
17/03/20 06:31:34 INFO mapreduce.Job:  map 100% reduce 33%
17/03/20 06:31:40 INFO mapreduce.Job:  map 100% reduce 42%
17/03/20 06:31:42 INFO mapreduce.Job:  map 100% reduce 50%
17/03/20 06:31:48 INFO mapreduce.Job:  map 100% reduce 58%
17/03/20 06:31:51 INFO mapreduce.Job:  map 100% reduce 67%
17/03/20 06:31:56 INFO mapreduce.Job:  map 100% reduce 75%
17/03/20 06:31:58 INFO mapreduce.Job:  map 100% reduce 83%
17/03/20 06:32:05 INFO mapreduce.Job:  map 100% reduce 100%
17/03/20 06:32:08 INFO mapreduce.Job: Job job_1489991057643_0001 completed successfully
17/03/20 06:32:08 INFO mapreduce.Job: Counters: 56
        File System Counters
                FILE: Number of bytes read=1943080
                FILE: Number of bytes written=5975784
                FILE: Number of read operations=0
                FILE: Number of large read operations=0
                FILE: Number of write operations=0
                GS: Number of bytes read=648477
                GS: Number of bytes written=311989
                GS: Number of read operations=0
                GS: Number of large read operations=0
                GS: Number of write operations=0
                HDFS: Number of bytes read=760
                HDFS: Number of bytes written=0
                HDFS: Number of read operations=5
                HDFS: Number of large read operations=0
                HDFS: Number of write operations=0
        Job Counters 
                Killed map tasks=1
                Killed reduce tasks=1
                Launched map tasks=5
                Launched reduce tasks=12
                Rack-local map tasks=5
                Total time spent by all maps in occupied slots (ms)=285954
                Total time spent by all reduces in occupied slots (ms)=1146540
                Total time spent by all map tasks (ms)=47659
                Total time spent by all reduce tasks (ms)=95545
                Total vcore-milliseconds taken by all map tasks=47659
                Total vcore-milliseconds taken by all reduce tasks=191090
                Total megabyte-milliseconds taken by all map tasks=146408448
                Total megabyte-milliseconds taken by all reduce tasks=587028480
        Map-Reduce Framework
                Map input records=5
                Map output records=118291
                Map output bytes=1706426
                Map output materialized bytes=1943368
                Input split bytes=760
                Combine input records=0
                Combine output records=0
                Reduce input groups=11176
                Reduce shuffle bytes=1943368
                Reduce input records=118291
                Reduce output records=11176
                Spilled Records=236582
                Shuffled Maps =60
                Failed Shuffles=0
                Merged Map outputs=60
                GC time elapsed (ms)=1657
                CPU time spent (ms)=28260
                Physical memory (bytes) snapshot=5041139712
                Virtual memory (bytes) snapshot=106622160896
                Total committed heap usage (bytes)=4348968960
        Shuffle Errors
                BAD_ID=0
                CONNECTION=0
                IO_ERROR=0
                WRONG_LENGTH=0
                WRONG_MAP=0
                WRONG_REDUCE=0
        File Input Format Counters 
                Bytes Read=648477
        File Output Format Counters 
                Bytes Written=311989
