17/03/20 23:51:22 INFO gcs.GoogleHadoopFileSystemBase: GHFS version: 1.6.0-hadoop2
17/03/20 23:51:23 INFO client.RMProxy: Connecting to ResourceManager at invertedindex-m/10.138.0.4:8032
17/03/20 23:51:24 WARN mapreduce.JobResourceUploader: Hadoop command-line option parsing not performed. Implement the Tool interface and execute your application with ToolRunner to remedy this.
17/03/20 23:51:25 WARN gcsio.GoogleCloudStorage: Repairing batch of 1 missing directories.
17/03/20 23:51:26 WARN gcsio.GoogleCloudStorage: Successfully repaired 1/1 implicit directories.
17/03/20 23:51:27 INFO input.FileInputFormat: Total input paths to process : 3036
17/03/20 23:51:28 INFO mapreduce.JobSubmitter: number of splits:3036
17/03/20 23:51:28 INFO mapreduce.JobSubmitter: Submitting tokens for job: job_1490038588730_0004
17/03/20 23:51:28 INFO impl.YarnClientImpl: Submitted application application_1490038588730_0004
17/03/20 23:51:28 INFO mapreduce.Job: The url to track the job: http://invertedindex-m:8088/proxy/application_1490038588730_0004/
17/03/20 23:51:28 INFO mapreduce.Job: Running job: job_1490038588730_0004
17/03/20 23:51:36 INFO mapreduce.Job: Job job_1490038588730_0004 running in uber mode : false
17/03/20 23:51:36 INFO mapreduce.Job:  map 0% reduce 0%
17/03/20 23:52:30 INFO mapreduce.Job:  map 1% reduce 0%
17/03/20 23:53:55 INFO mapreduce.Job:  map 2% reduce 0%
17/03/20 23:55:18 INFO mapreduce.Job:  map 3% reduce 0%
17/03/20 23:56:42 INFO mapreduce.Job:  map 4% reduce 0%
17/03/20 23:58:00 INFO mapreduce.Job:  map 5% reduce 0%
17/03/20 23:59:13 INFO mapreduce.Job:  map 6% reduce 0%
17/03/21 00:00:35 INFO mapreduce.Job:  map 7% reduce 0%
17/03/21 00:01:52 INFO mapreduce.Job:  map 8% reduce 0%
17/03/21 00:03:15 INFO mapreduce.Job:  map 9% reduce 0%
17/03/21 00:04:28 INFO mapreduce.Job:  map 10% reduce 0%
17/03/21 00:05:44 INFO mapreduce.Job:  map 11% reduce 0%
17/03/21 00:07:00 INFO mapreduce.Job:  map 12% reduce 0%
17/03/21 00:08:18 INFO mapreduce.Job:  map 13% reduce 0%
17/03/21 00:09:33 INFO mapreduce.Job:  map 14% reduce 0%
17/03/21 00:10:49 INFO mapreduce.Job:  map 15% reduce 0%
17/03/21 00:12:01 INFO mapreduce.Job:  map 16% reduce 0%
17/03/21 00:13:16 INFO mapreduce.Job:  map 17% reduce 0%
17/03/21 00:14:30 INFO mapreduce.Job:  map 18% reduce 0%
17/03/21 00:15:43 INFO mapreduce.Job:  map 19% reduce 0%
17/03/21 00:16:56 INFO mapreduce.Job:  map 20% reduce 0%
17/03/21 00:18:14 INFO mapreduce.Job:  map 21% reduce 0%
17/03/21 00:19:24 INFO mapreduce.Job:  map 22% reduce 0%
17/03/21 00:20:38 INFO mapreduce.Job:  map 23% reduce 0%
17/03/21 00:21:50 INFO mapreduce.Job:  map 24% reduce 0%
17/03/21 00:23:03 INFO mapreduce.Job:  map 25% reduce 0%
17/03/21 00:24:17 INFO mapreduce.Job:  map 26% reduce 0%
17/03/21 00:25:30 INFO mapreduce.Job:  map 27% reduce 0%
17/03/21 00:26:41 INFO mapreduce.Job:  map 28% reduce 0%
17/03/21 00:27:56 INFO mapreduce.Job:  map 29% reduce 0%
17/03/21 00:29:11 INFO mapreduce.Job:  map 30% reduce 0%
17/03/21 00:30:18 INFO mapreduce.Job:  map 31% reduce 0%
17/03/21 00:31:32 INFO mapreduce.Job:  map 32% reduce 0%
17/03/21 00:32:48 INFO mapreduce.Job:  map 33% reduce 0%
17/03/21 00:34:02 INFO mapreduce.Job:  map 34% reduce 0%
17/03/21 00:35:13 INFO mapreduce.Job:  map 35% reduce 0%
17/03/21 00:36:26 INFO mapreduce.Job:  map 36% reduce 0%
17/03/21 00:37:39 INFO mapreduce.Job:  map 37% reduce 0%
17/03/21 00:38:47 INFO mapreduce.Job:  map 38% reduce 0%
17/03/21 00:40:02 INFO mapreduce.Job:  map 39% reduce 0%
17/03/21 00:41:14 INFO mapreduce.Job:  map 40% reduce 0%
17/03/21 00:42:24 INFO mapreduce.Job:  map 41% reduce 0%
17/03/21 00:43:35 INFO mapreduce.Job:  map 42% reduce 0%
17/03/21 00:44:45 INFO mapreduce.Job:  map 43% reduce 0%
17/03/21 00:46:01 INFO mapreduce.Job:  map 44% reduce 0%
17/03/21 00:47:10 INFO mapreduce.Job:  map 45% reduce 0%
17/03/21 00:48:24 INFO mapreduce.Job:  map 46% reduce 0%
17/03/21 00:49:32 INFO mapreduce.Job:  map 47% reduce 0%
17/03/21 00:50:47 INFO mapreduce.Job:  map 48% reduce 0%
17/03/21 00:51:58 INFO mapreduce.Job:  map 49% reduce 0%
17/03/21 00:53:10 INFO mapreduce.Job:  map 50% reduce 0%
17/03/21 00:54:00 INFO mapreduce.Job:  map 50% reduce 1%
17/03/21 00:54:48 INFO mapreduce.Job:  map 51% reduce 1%
17/03/21 00:57:13 INFO mapreduce.Job:  map 52% reduce 1%
17/03/21 00:59:35 INFO mapreduce.Job:  map 53% reduce 1%
17/03/21 01:02:02 INFO mapreduce.Job:  map 54% reduce 1%
17/03/21 01:03:10 INFO mapreduce.Job:  map 54% reduce 2%
17/03/21 01:04:24 INFO mapreduce.Job:  map 55% reduce 2%
17/03/21 01:06:43 INFO mapreduce.Job:  map 56% reduce 2%
17/03/21 01:09:03 INFO mapreduce.Job:  map 57% reduce 2%
17/03/21 01:11:19 INFO mapreduce.Job:  map 58% reduce 2%
17/03/21 01:13:46 INFO mapreduce.Job:  map 59% reduce 2%
17/03/21 01:16:03 INFO mapreduce.Job:  map 60% reduce 2%
17/03/21 01:18:22 INFO mapreduce.Job:  map 61% reduce 2%
17/03/21 01:20:43 INFO mapreduce.Job:  map 62% reduce 2%
17/03/21 01:22:57 INFO mapreduce.Job:  map 63% reduce 2%
17/03/21 01:25:12 INFO mapreduce.Job:  map 64% reduce 2%
17/03/21 01:27:29 INFO mapreduce.Job:  map 65% reduce 2%
17/03/21 01:29:47 INFO mapreduce.Job:  map 66% reduce 2%
17/03/21 01:32:04 INFO mapreduce.Job:  map 67% reduce 2%
17/03/21 01:34:23 INFO mapreduce.Job:  map 68% reduce 2%
17/03/21 01:36:39 INFO mapreduce.Job:  map 69% reduce 2%
17/03/21 01:38:59 INFO mapreduce.Job:  map 70% reduce 2%
17/03/21 01:41:16 INFO mapreduce.Job:  map 71% reduce 2%
17/03/21 01:43:39 INFO mapreduce.Job:  map 72% reduce 2%
17/03/21 01:45:58 INFO mapreduce.Job:  map 73% reduce 2%
17/03/21 01:48:15 INFO mapreduce.Job:  map 74% reduce 2%
17/03/21 01:50:26 INFO mapreduce.Job:  map 75% reduce 2%
17/03/21 01:52:42 INFO mapreduce.Job:  map 76% reduce 2%
17/03/21 01:54:49 INFO mapreduce.Job:  map 77% reduce 2%
17/03/21 01:57:02 INFO mapreduce.Job:  map 78% reduce 2%
17/03/21 01:59:17 INFO mapreduce.Job:  map 79% reduce 2%
17/03/21 02:01:32 INFO mapreduce.Job:  map 80% reduce 2%
17/03/21 02:03:44 INFO mapreduce.Job:  map 81% reduce 2%
17/03/21 02:06:02 INFO mapreduce.Job:  map 82% reduce 2%
17/03/21 02:08:10 INFO mapreduce.Job:  map 83% reduce 2%
17/03/21 02:10:29 INFO mapreduce.Job:  map 84% reduce 2%
17/03/21 02:12:40 INFO mapreduce.Job:  map 85% reduce 2%
17/03/21 02:14:56 INFO mapreduce.Job:  map 86% reduce 2%
17/03/21 02:17:06 INFO mapreduce.Job:  map 87% reduce 2%
17/03/21 02:19:17 INFO mapreduce.Job:  map 88% reduce 2%
17/03/21 02:21:28 INFO mapreduce.Job:  map 89% reduce 2%
17/03/21 02:23:49 INFO mapreduce.Job:  map 90% reduce 2%
17/03/21 02:24:54 INFO mapreduce.Job:  map 90% reduce 3%
17/03/21 02:25:58 INFO mapreduce.Job:  map 91% reduce 3%
17/03/21 02:28:11 INFO mapreduce.Job:  map 92% reduce 3%
17/03/21 02:30:30 INFO mapreduce.Job:  map 93% reduce 3%
17/03/21 02:32:35 INFO mapreduce.Job:  map 94% reduce 3%
17/03/21 02:34:51 INFO mapreduce.Job:  map 95% reduce 3%
17/03/21 02:36:57 INFO mapreduce.Job:  map 96% reduce 3%
17/03/21 02:39:11 INFO mapreduce.Job:  map 97% reduce 3%
17/03/21 02:41:27 INFO mapreduce.Job:  map 98% reduce 3%
17/03/21 02:43:37 INFO mapreduce.Job:  map 99% reduce 3%
17/03/21 02:45:50 INFO mapreduce.Job:  map 100% reduce 3%
17/03/21 02:47:02 INFO mapreduce.Job:  map 100% reduce 4%
17/03/21 02:47:08 INFO mapreduce.Job:  map 100% reduce 8%
17/03/21 02:47:11 INFO mapreduce.Job:  map 100% reduce 9%
17/03/21 02:47:14 INFO mapreduce.Job:  map 100% reduce 11%
17/03/21 02:47:17 INFO mapreduce.Job:  map 100% reduce 12%
17/03/21 02:47:20 INFO mapreduce.Job:  map 100% reduce 13%
17/03/21 02:47:23 INFO mapreduce.Job:  map 100% reduce 15%
17/03/21 02:47:26 INFO mapreduce.Job:  map 100% reduce 16%
17/03/21 02:47:29 INFO mapreduce.Job:  map 100% reduce 17%
17/03/21 02:47:39 INFO mapreduce.Job:  map 100% reduce 20%
17/03/21 02:47:40 INFO mapreduce.Job:  map 100% reduce 23%
17/03/21 02:47:42 INFO mapreduce.Job:  map 100% reduce 24%
17/03/21 02:47:43 INFO mapreduce.Job:  map 100% reduce 25%
17/03/21 02:47:45 INFO mapreduce.Job:  map 100% reduce 26%
17/03/21 02:47:46 INFO mapreduce.Job:  map 100% reduce 27%
17/03/21 02:47:51 INFO mapreduce.Job:  map 100% reduce 28%
17/03/21 02:47:54 INFO mapreduce.Job:  map 100% reduce 29%
17/03/21 02:47:57 INFO mapreduce.Job:  map 100% reduce 30%
17/03/21 02:47:58 INFO mapreduce.Job:  map 100% reduce 31%
17/03/21 02:48:01 INFO mapreduce.Job:  map 100% reduce 32%
17/03/21 02:48:10 INFO mapreduce.Job:  map 100% reduce 33%
17/03/21 02:48:13 INFO mapreduce.Job:  map 100% reduce 36%
17/03/21 02:48:16 INFO mapreduce.Job:  map 100% reduce 37%
17/03/21 02:48:22 INFO mapreduce.Job:  map 100% reduce 38%
17/03/21 02:48:27 INFO mapreduce.Job:  map 100% reduce 41%
17/03/21 02:48:28 INFO mapreduce.Job:  map 100% reduce 42%
17/03/21 02:48:30 INFO mapreduce.Job:  map 100% reduce 43%
17/03/21 02:48:33 INFO mapreduce.Job:  map 100% reduce 44%
17/03/21 02:48:36 INFO mapreduce.Job:  map 100% reduce 45%
17/03/21 02:48:39 INFO mapreduce.Job:  map 100% reduce 46%
17/03/21 02:48:42 INFO mapreduce.Job:  map 100% reduce 47%
17/03/21 02:48:45 INFO mapreduce.Job:  map 100% reduce 48%
17/03/21 02:48:48 INFO mapreduce.Job:  map 100% reduce 49%
17/03/21 02:48:52 INFO mapreduce.Job:  map 100% reduce 50%
17/03/21 02:49:03 INFO mapreduce.Job:  map 100% reduce 53%
17/03/21 02:49:06 INFO mapreduce.Job:  map 100% reduce 54%
17/03/21 02:49:08 INFO mapreduce.Job:  map 100% reduce 58%
17/03/21 02:49:09 INFO mapreduce.Job:  map 100% reduce 59%
17/03/21 02:49:11 INFO mapreduce.Job:  map 100% reduce 60%
17/03/21 02:49:14 INFO mapreduce.Job:  map 100% reduce 61%
17/03/21 02:49:15 INFO mapreduce.Job:  map 100% reduce 62%
17/03/21 02:49:18 INFO mapreduce.Job:  map 100% reduce 63%
17/03/21 02:49:20 INFO mapreduce.Job:  map 100% reduce 64%
17/03/21 02:49:21 INFO mapreduce.Job:  map 100% reduce 65%
17/03/21 02:49:23 INFO mapreduce.Job:  map 100% reduce 66%
17/03/21 02:49:26 INFO mapreduce.Job:  map 100% reduce 67%
17/03/21 02:49:35 INFO mapreduce.Job:  map 100% reduce 69%
17/03/21 02:49:38 INFO mapreduce.Job:  map 100% reduce 73%
17/03/21 02:49:41 INFO mapreduce.Job:  map 100% reduce 75%
17/03/21 02:49:44 INFO mapreduce.Job:  map 100% reduce 77%
17/03/21 02:49:47 INFO mapreduce.Job:  map 100% reduce 78%
17/03/21 02:49:50 INFO mapreduce.Job:  map 100% reduce 79%
17/03/21 02:49:51 INFO mapreduce.Job:  map 100% reduce 80%
17/03/21 02:49:53 INFO mapreduce.Job:  map 100% reduce 81%
17/03/21 02:50:00 INFO mapreduce.Job:  map 100% reduce 82%
17/03/21 02:50:04 INFO mapreduce.Job:  map 100% reduce 86%
17/03/21 02:50:08 INFO mapreduce.Job:  map 100% reduce 87%
17/03/21 02:50:09 INFO mapreduce.Job:  map 100% reduce 88%
17/03/21 02:50:11 INFO mapreduce.Job:  map 100% reduce 89%
17/03/21 02:50:17 INFO mapreduce.Job:  map 100% reduce 90%
17/03/21 02:50:20 INFO mapreduce.Job:  map 100% reduce 91%
17/03/21 02:50:23 INFO mapreduce.Job:  map 100% reduce 92%
17/03/21 02:50:24 INFO mapreduce.Job:  map 100% reduce 94%
17/03/21 02:50:27 INFO mapreduce.Job:  map 100% reduce 95%
17/03/21 02:50:30 INFO mapreduce.Job:  map 100% reduce 96%
17/03/21 02:50:33 INFO mapreduce.Job:  map 100% reduce 97%
17/03/21 02:50:36 INFO mapreduce.Job:  map 100% reduce 98%
17/03/21 02:50:39 INFO mapreduce.Job:  map 100% reduce 99%
17/03/21 02:50:45 INFO mapreduce.Job:  map 100% reduce 100%
17/03/21 02:50:51 INFO mapreduce.Job: Job job_1490038588730_0004 completed successfully
17/03/21 02:50:51 INFO mapreduce.Job: Counters: 55
        File System Counters
                FILE: Number of bytes read=3421568890
                FILE: Number of bytes written=7218645424
                FILE: Number of read operations=0
                FILE: Number of large read operations=0
                FILE: Number of write operations=0
                GS: Number of bytes read=1141569921
                GS: Number of bytes written=236350708
                GS: Number of read operations=0
                GS: Number of large read operations=0
                GS: Number of write operations=0
                HDFS: Number of bytes read=427749
                HDFS: Number of bytes written=0
                HDFS: Number of read operations=3036
                HDFS: Number of large read operations=0
                HDFS: Number of write operations=0
        Job Counters 
		 Killed map tasks=1
                Launched map tasks=3036
                Launched reduce tasks=12
                Rack-local map tasks=3036
                Total time spent by all maps in occupied slots (ms)=159918624
                Total time spent by all reduces in occupied slots (ms)=86627844
                Total time spent by all map tasks (ms)=26653104
                Total time spent by all reduce tasks (ms)=7218987
                Total vcore-milliseconds taken by all map tasks=26653104
                Total vcore-milliseconds taken by all reduce tasks=14437974
                Total megabyte-milliseconds taken by all map tasks=81878335488
                Total megabyte-milliseconds taken by all reduce tasks=44353456128
        Map-Reduce Framework
                Map input records=25104
                Map output records=210715204
                Map output bytes=3000138381
                Map output materialized bytes=3421787410
                Input split bytes=427749
                Combine input records=0
                Combine output records=0
                Reduce input groups=1217641
                Reduce shuffle bytes=3421787410
                Reduce input records=210715204
                Reduce output records=1217641
                Spilled Records=421430408
                Shuffled Maps =36432
                Failed Shuffles=0
                Merged Map outputs=36432
                GC time elapsed (ms)=506806
                CPU time spent (ms)=6701450
                Physical memory (bytes) snapshot=989232640000
                Virtual memory (bytes) snapshot=13415583395840
                Total committed heap usage (bytes)=826422067200
        Shuffle Errors
                BAD_ID=0
                CONNECTION=0
                IO_ERROR=0
                WRONG_LENGTH=0
                WRONG_MAP=0
                WRONG_REDUCE=0
        File Input Format Counters 
                Bytes Read=1141569921
        File Output Format Counters 
                Bytes Written=236350708
