17/03/20 19:49:10 INFO gcs.GoogleHadoopFileSystemBase: GHFS version: 1.6.0-hadoop2
17/03/20 19:49:11 INFO client.RMProxy: Connecting to ResourceManager at invertedindex-m/10.138.0.4:8032
17/03/20 19:49:12 WARN mapreduce.JobResourceUploader: Hadoop command-line option parsing not performed. Implement the Tool interface and execute your application with ToolRunner to remedy this.
17/03/20 19:49:13 WARN gcsio.GoogleCloudStorage: Repairing batch of 1 missing directories.
17/03/20 19:49:14 WARN gcsio.GoogleCloudStorage: Successfully repaired 1/1 implicit directories.
17/03/20 19:49:16 INFO input.FileInputFormat: Total input paths to process : 3036
17/03/20 19:49:16 INFO mapreduce.JobSubmitter: number of splits:3036
17/03/20 19:49:16 INFO mapreduce.JobSubmitter: Submitting tokens for job: job_1490038588730_0003
17/03/20 19:49:17 INFO impl.YarnClientImpl: Submitted application application_1490038588730_0003
17/03/20 19:49:17 INFO mapreduce.Job: The url to track the job: http://invertedindex-m:8088/proxy/application_1490038588730_0003/
17/03/20 19:49:17 INFO mapreduce.Job: Running job: job_1490038588730_0003
17/03/20 19:49:28 INFO mapreduce.Job: Job job_1490038588730_0003 running in uber mode : false
17/03/20 19:49:28 INFO mapreduce.Job:  map 0% reduce 0%
17/03/20 19:50:22 INFO mapreduce.Job:  map 1% reduce 0%
17/03/20 19:51:42 INFO mapreduce.Job:  map 2% reduce 0%
17/03/20 19:52:58 INFO mapreduce.Job:  map 3% reduce 0%
17/03/20 19:54:15 INFO mapreduce.Job:  map 4% reduce 0%
17/03/20 19:55:31 INFO mapreduce.Job:  map 5% reduce 0%
17/03/20 19:56:50 INFO mapreduce.Job:  map 6% reduce 0%
17/03/20 19:58:03 INFO mapreduce.Job:  map 7% reduce 0%
17/03/20 19:59:19 INFO mapreduce.Job:  map 8% reduce 0%
17/03/20 20:00:37 INFO mapreduce.Job:  map 9% reduce 0%
17/03/20 20:01:53 INFO mapreduce.Job:  map 10% reduce 0%
17/03/20 20:03:04 INFO mapreduce.Job:  map 11% reduce 0%
17/03/20 20:04:16 INFO mapreduce.Job:  map 12% reduce 0%
17/03/20 20:05:33 INFO mapreduce.Job:  map 13% reduce 0%
17/03/20 20:06:45 INFO mapreduce.Job:  map 14% reduce 0%
17/03/20 20:08:00 INFO mapreduce.Job:  map 15% reduce 0%
17/03/20 20:09:13 INFO mapreduce.Job:  map 16% reduce 0%
17/03/20 20:10:26 INFO mapreduce.Job:  map 17% reduce 0%
17/03/20 20:11:38 INFO mapreduce.Job:  map 18% reduce 0%
17/03/20 20:12:50 INFO mapreduce.Job:  map 19% reduce 0%
17/03/20 20:14:04 INFO mapreduce.Job:  map 20% reduce 0%
17/03/20 20:15:15 INFO mapreduce.Job:  map 21% reduce 0%
17/03/20 20:16:28 INFO mapreduce.Job:  map 22% reduce 0%
17/03/20 20:17:41 INFO mapreduce.Job:  map 23% reduce 0%
17/03/20 20:18:52 INFO mapreduce.Job:  map 24% reduce 0%
17/03/20 20:20:02 INFO mapreduce.Job:  map 25% reduce 0%
17/03/20 20:21:17 INFO mapreduce.Job:  map 26% reduce 0%
17/03/20 20:22:25 INFO mapreduce.Job:  map 27% reduce 0%
17/03/20 20:23:36 INFO mapreduce.Job:  map 28% reduce 0%
17/03/20 20:24:47 INFO mapreduce.Job:  map 29% reduce 0%
17/03/20 20:25:57 INFO mapreduce.Job:  map 30% reduce 0%
17/03/20 20:27:04 INFO mapreduce.Job:  map 31% reduce 0%
17/03/20 20:28:18 INFO mapreduce.Job:  map 32% reduce 0%
17/03/20 20:29:28 INFO mapreduce.Job:  map 33% reduce 0%
17/03/20 20:30:36 INFO mapreduce.Job:  map 34% reduce 0%
17/03/20 20:31:47 INFO mapreduce.Job:  map 35% reduce 0%
17/03/20 20:32:54 INFO mapreduce.Job:  map 36% reduce 0%
17/03/20 20:34:10 INFO mapreduce.Job:  map 37% reduce 0%
17/03/20 20:35:17 INFO mapreduce.Job:  map 38% reduce 0%
17/03/20 20:36:24 INFO mapreduce.Job:  map 39% reduce 0%
17/03/20 20:37:37 INFO mapreduce.Job:  map 40% reduce 0%
17/03/20 20:38:47 INFO mapreduce.Job:  map 41% reduce 0%
17/03/20 20:39:58 INFO mapreduce.Job:  map 42% reduce 0%
17/03/20 20:41:09 INFO mapreduce.Job:  map 43% reduce 0%
17/03/20 20:42:16 INFO mapreduce.Job:  map 44% reduce 0%
17/03/20 20:43:26 INFO mapreduce.Job:  map 45% reduce 0%
17/03/20 20:44:40 INFO mapreduce.Job:  map 46% reduce 0%
17/03/20 20:45:44 INFO mapreduce.Job:  map 47% reduce 0%
17/03/20 20:46:55 INFO mapreduce.Job:  map 48% reduce 0%
17/03/20 20:48:00 INFO mapreduce.Job:  map 49% reduce 0%
17/03/20 20:49:08 INFO mapreduce.Job:  map 50% reduce 0%
17/03/20 20:49:56 INFO mapreduce.Job:  map 50% reduce 1%
17/03/20 20:50:48 INFO mapreduce.Job:  map 51% reduce 1%
17/03/20 20:53:01 INFO mapreduce.Job:  map 52% reduce 1%
17/03/20 20:55:19 INFO mapreduce.Job:  map 53% reduce 1%
17/03/20 20:57:41 INFO mapreduce.Job:  map 54% reduce 1%
17/03/20 20:58:51 INFO mapreduce.Job:  map 54% reduce 2%
17/03/20 21:00:01 INFO mapreduce.Job:  map 55% reduce 2%
17/03/20 21:02:21 INFO mapreduce.Job:  map 56% reduce 2%
17/03/20 21:04:40 INFO mapreduce.Job:  map 57% reduce 2%
17/03/20 21:06:55 INFO mapreduce.Job:  map 58% reduce 2%
17/03/20 21:09:22 INFO mapreduce.Job:  map 59% reduce 2%
17/03/20 21:11:42 INFO mapreduce.Job:  map 60% reduce 2%
17/03/20 21:13:55 INFO mapreduce.Job:  map 61% reduce 2%
17/03/20 21:16:17 INFO mapreduce.Job:  map 62% reduce 2%
17/03/20 21:18:38 INFO mapreduce.Job:  map 63% reduce 2%
17/03/20 21:20:49 INFO mapreduce.Job:  map 64% reduce 2%
17/03/20 21:23:06 INFO mapreduce.Job:  map 65% reduce 2%
17/03/20 21:25:20 INFO mapreduce.Job:  map 66% reduce 2%
17/03/20 21:27:37 INFO mapreduce.Job:  map 67% reduce 2%
17/03/20 21:29:56 INFO mapreduce.Job:  map 68% reduce 2%
17/03/20 21:32:13 INFO mapreduce.Job:  map 69% reduce 2%
17/03/20 21:34:31 INFO mapreduce.Job:  map 70% reduce 2%
17/03/20 21:36:49 INFO mapreduce.Job:  map 71% reduce 2%
17/03/20 21:39:01 INFO mapreduce.Job:  map 72% reduce 2%
17/03/20 21:41:19 INFO mapreduce.Job:  map 73% reduce 2%
17/03/20 21:43:32 INFO mapreduce.Job:  map 74% reduce 2%
17/03/20 21:45:46 INFO mapreduce.Job:  map 75% reduce 2%
17/03/20 21:48:05 INFO mapreduce.Job:  map 76% reduce 2%
17/03/20 21:50:20 INFO mapreduce.Job:  map 77% reduce 2%
17/03/20 21:52:35 INFO mapreduce.Job:  map 78% reduce 2%
17/03/20 21:54:51 INFO mapreduce.Job:  map 79% reduce 2%
17/03/20 21:57:09 INFO mapreduce.Job:  map 80% reduce 2%
17/03/20 21:59:23 INFO mapreduce.Job:  map 81% reduce 2%
17/03/20 22:01:44 INFO mapreduce.Job:  map 82% reduce 2%
17/03/20 22:03:56 INFO mapreduce.Job:  map 83% reduce 2%
17/03/20 22:06:20 INFO mapreduce.Job:  map 84% reduce 2%
17/03/20 22:08:36 INFO mapreduce.Job:  map 85% reduce 2%
17/03/20 22:10:46 INFO mapreduce.Job:  map 86% reduce 2%
17/03/20 22:13:06 INFO mapreduce.Job:  map 87% reduce 2%
17/03/20 22:15:23 INFO mapreduce.Job:  map 88% reduce 2%
17/03/20 22:17:39 INFO mapreduce.Job:  map 89% reduce 2%
17/03/20 22:19:53 INFO mapreduce.Job:  map 90% reduce 2%
17/03/20 22:21:04 INFO mapreduce.Job:  map 90% reduce 3%
17/03/20 22:22:10 INFO mapreduce.Job:  map 91% reduce 3%
17/03/20 22:24:30 INFO mapreduce.Job:  map 92% reduce 3%
17/03/20 22:26:48 INFO mapreduce.Job:  map 93% reduce 3%
17/03/20 22:29:04 INFO mapreduce.Job:  map 94% reduce 3%
17/03/20 22:31:19 INFO mapreduce.Job:  map 95% reduce 3%
17/03/20 22:33:37 INFO mapreduce.Job:  map 96% reduce 3%
17/03/20 22:35:54 INFO mapreduce.Job:  map 97% reduce 3%
17/03/20 22:38:12 INFO mapreduce.Job:  map 98% reduce 3%
17/03/20 22:40:30 INFO mapreduce.Job:  map 99% reduce 3%
17/03/20 22:42:46 INFO mapreduce.Job:  map 100% reduce 3%
17/03/20 22:43:58 INFO mapreduce.Job:  map 100% reduce 4%
17/03/20 22:44:01 INFO mapreduce.Job:  map 100% reduce 5%
17/03/20 22:44:02 INFO mapreduce.Job:  map 100% reduce 7%
17/03/20 22:44:04 INFO mapreduce.Job:  map 100% reduce 8%
17/03/20 22:44:05 INFO mapreduce.Job:  map 100% reduce 9%
17/03/20 22:44:08 INFO mapreduce.Job:  map 100% reduce 10%
17/03/20 22:44:11 INFO mapreduce.Job:  map 100% reduce 12%
17/03/20 22:44:16 INFO mapreduce.Job:  map 100% reduce 13%
17/03/20 22:44:17 INFO mapreduce.Job:  map 100% reduce 14%
17/03/20 22:44:19 INFO mapreduce.Job:  map 100% reduce 15%
17/03/20 22:44:22 INFO mapreduce.Job:  map 100% reduce 16%
17/03/20 22:44:26 INFO mapreduce.Job:  map 100% reduce 17%
17/03/20 22:44:32 INFO mapreduce.Job:  map 100% reduce 20%
17/03/20 22:44:37 INFO mapreduce.Job:  map 100% reduce 24%
17/03/20 22:44:40 INFO mapreduce.Job:  map 100% reduce 25%
17/03/20 22:44:41 INFO mapreduce.Job:  map 100% reduce 26%
17/03/20 22:44:43 INFO mapreduce.Job:  map 100% reduce 27%
17/03/20 22:44:46 INFO mapreduce.Job:  map 100% reduce 28%
17/03/20 22:44:49 INFO mapreduce.Job:  map 100% reduce 29%
17/03/20 22:44:52 INFO mapreduce.Job:  map 100% reduce 30%
17/03/20 22:44:54 INFO mapreduce.Job:  map 100% reduce 31%
17/03/20 22:44:55 INFO mapreduce.Job:  map 100% reduce 32%
17/03/20 22:45:00 INFO mapreduce.Job:  map 100% reduce 33%
17/03/20 22:45:10 INFO mapreduce.Job:  map 100% reduce 36%
17/03/20 22:45:13 INFO mapreduce.Job:  map 100% reduce 37%
17/03/20 22:45:16 INFO mapreduce.Job:  map 100% reduce 40%
17/03/20 22:45:19 INFO mapreduce.Job:  map 100% reduce 41%
17/03/20 22:45:22 INFO mapreduce.Job:  map 100% reduce 43%
17/03/20 22:45:25 INFO mapreduce.Job:  map 100% reduce 44%
17/03/20 22:45:28 INFO mapreduce.Job:  map 100% reduce 45%
17/03/20 22:45:31 INFO mapreduce.Job:  map 100% reduce 46%
17/03/20 22:45:34 INFO mapreduce.Job:  map 100% reduce 47%
17/03/20 22:45:37 INFO mapreduce.Job:  map 100% reduce 48%
17/03/20 22:45:46 INFO mapreduce.Job:  map 100% reduce 49%
17/03/20 22:45:49 INFO mapreduce.Job:  map 100% reduce 53%
17/03/20 22:45:52 INFO mapreduce.Job:  map 100% reduce 54%
17/03/20 22:45:55 INFO mapreduce.Job:  map 100% reduce 55%
17/03/20 22:45:58 INFO mapreduce.Job:  map 100% reduce 56%
17/03/20 22:46:01 INFO mapreduce.Job:  map 100% reduce 57%
17/03/20 22:46:04 INFO mapreduce.Job:  map 100% reduce 58%
17/03/20 22:46:10 INFO mapreduce.Job:  map 100% reduce 62%
17/03/20 22:46:13 INFO mapreduce.Job:  map 100% reduce 63%
17/03/20 22:46:16 INFO mapreduce.Job:  map 100% reduce 64%
17/03/20 22:46:18 INFO mapreduce.Job:  map 100% reduce 67%
17/03/20 22:46:21 INFO mapreduce.Job:  map 100% reduce 68%
17/03/20 22:46:24 INFO mapreduce.Job:  map 100% reduce 69%
17/03/20 22:46:25 INFO mapreduce.Job:  map 100% reduce 70%
17/03/20 22:46:28 INFO mapreduce.Job:  map 100% reduce 71%
17/03/20 22:46:30 INFO mapreduce.Job:  map 100% reduce 72%
17/03/20 22:46:33 INFO mapreduce.Job:  map 100% reduce 73%
17/03/20 22:46:39 INFO mapreduce.Job:  map 100% reduce 74%
17/03/20 22:46:42 INFO mapreduce.Job:  map 100% reduce 77%
17/03/20 22:46:45 INFO mapreduce.Job:  map 100% reduce 79%
17/03/20 22:46:48 INFO mapreduce.Job:  map 100% reduce 81%
17/03/20 22:46:54 INFO mapreduce.Job:  map 100% reduce 82%
17/03/20 22:46:57 INFO mapreduce.Job:  map 100% reduce 83%
17/03/20 22:47:01 INFO mapreduce.Job:  map 100% reduce 86%
17/03/20 22:47:04 INFO mapreduce.Job:  map 100% reduce 88%
17/03/20 22:47:07 INFO mapreduce.Job:  map 100% reduce 89%
17/03/20 22:47:10 INFO mapreduce.Job:  map 100% reduce 93%
17/03/20 22:47:13 INFO mapreduce.Job:  map 100% reduce 94%
17/03/20 22:47:16 INFO mapreduce.Job:  map 100% reduce 95%
17/03/20 22:47:17 INFO mapreduce.Job:  map 100% reduce 96%
17/03/20 22:47:19 INFO mapreduce.Job:  map 100% reduce 97%
17/03/20 22:47:23 INFO mapreduce.Job:  map 100% reduce 98%
17/03/20 22:47:26 INFO mapreduce.Job:  map 100% reduce 99%
17/03/20 22:47:29 INFO mapreduce.Job:  map 100% reduce 100%
17/03/20 22:47:36 INFO mapreduce.Job: Job job_1490038588730_0003 completed successfully
17/03/20 22:47:36 INFO mapreduce.Job: Counters: 56
File System Counters
                FILE: Number of bytes read=3421568890
                FILE: Number of bytes written=7218697288
                FILE: Number of read operations=0
                FILE: Number of large read operations=0
                FILE: Number of write operations=0
                GS: Number of bytes read=1141569921
                GS: Number of bytes written=236350708
                GS: Number of read operations=0
                GS: Number of large read operations=0
                GS: Number of write operations=0
                HDFS: Number of bytes read=467217
                HDFS: Number of bytes written=0
                HDFS: Number of read operations=3036
                HDFS: Number of large read operations=0
                HDFS: Number of write operations=0
        Job Counters 
                Killed map tasks=1
                Killed reduce tasks=1
                Launched map tasks=3036
                Launched reduce tasks=13
                Rack-local map tasks=3036
                Total time spent by all maps in occupied slots (ms)=157812612
                Total time spent by all reduces in occupied slots (ms)=87395256
                Total time spent by all map tasks (ms)=26302102
                Total time spent by all reduce tasks (ms)=7282938
                Total vcore-milliseconds taken by all map tasks=26302102
                Total vcore-milliseconds taken by all reduce tasks=14565876
                Total megabyte-milliseconds taken by all map tasks=80800057344
                Total megabyte-milliseconds taken by all reduce tasks=44746371072
        Map-Reduce Framework
                Map input records=25104
                Map output records=210715204
                Map output bytes=3000138381
                Map output materialized bytes=3421787410
                Input split bytes=467217
                Combine input records=0
                Combine output records=0
                Reduce input groups=1217641
                Reduce shuffle bytes=3421787410
                Reduce input records=210715204
                Reduce output records=1217641
                Spilled Records=421430408
                Shuffled Maps =36432
                Failed Shuffles=0
                Merged Map outputs=36432
                GC time elapsed (ms)=502951
                CPU time spent (ms)=6591430
                Physical memory (bytes) snapshot=985679769600
		Virtual memory (bytes) snapshot=13412334456832
                Total committed heap usage (bytes)=827642609664
        Shuffle Errors
                BAD_ID=0
                CONNECTION=0
                IO_ERROR=0
                WRONG_LENGTH=0
                WRONG_MAP=0
                WRONG_REDUCE=0
        File Input Format Counters 
                Bytes Read=1141569921
        File Output Format Counters 
                Bytes Written=236350708
